<?xml version="1.0" encoding="UTF-8"?>
<!-- Generated by org.testng.reporters.JUnitXMLReporter -->
<testsuite ignored="0" hostname="DESKTOP-80J0974" failures="0" tests="3" name="Default test" time="169.324" errors="0" timestamp="2023-07-13T22:09:33 IST">
  <testcase classname="com.bellesboard.qa.testcases.CreateAdminUserTest" name="createUserPage" time="26.086"/>
  <testcase classname="com.bellesboard.qa.testcases.CreateAdminUserTest" name="CheckWelcomeMail" time="29.623"/>
  <testcase classname="com.bellesboard.qa.testcases.CreateAdminUserTest" name="loginWithNewPass" time="67.272"/>
</testsuite> <!-- Default test -->
