<?xml version="1.0" encoding="UTF-8"?>
<!-- Generated by org.testng.reporters.JUnitXMLReporter -->
<testsuite ignored="0" hostname="OM-JAI-LAXMI-MATA" failures="0" tests="3" name="Default test" time="78.494" errors="0" timestamp="2023-06-20T21:49:21 IST">
  <testcase classname="com.bellesboard.qa.testcases.ForgotPassPageTest" name="forgotPassPage" time="0.461"/>
  <testcase classname="com.bellesboard.qa.testcases.ForgotPassPageTest" name="CheckReseteMail" time="49.586"/>
  <testcase classname="com.bellesboard.qa.testcases.ForgotPassPageTest" name="checkLoginWithNewPassword" time="1.987"/>
</testsuite> <!-- Default test -->
