<?xml version="1.0" encoding="UTF-8"?>
<!-- Generated by org.testng.reporters.JUnitXMLReporter -->
<testsuite ignored="0" hostname="OM-JAI-LAXMI-MATA" failures="0" tests="2" name="Default test" time="66.552" errors="0" timestamp="2023-06-01T22:50:47 IST">
  <testcase classname="com.bellesboard.qa.testcases.ForgotPassPageTest" name="forgotPassPage" time="1.757"/>
  <testcase classname="com.bellesboard.qa.testcases.ForgotPassPageTest" name="CheckWelcomeMail" time="44.315"/>
</testsuite> <!-- Default test -->
