<?xml version="1.0" encoding="UTF-8"?>
<!-- Generated by org.testng.reporters.JUnitXMLReporter -->
<testsuite ignored="0" hostname="OM-JAI-LAXMI-MATA" failures="0" tests="2" name="TestCase_User_Login" time="19.832" errors="0" timestamp="2023-05-13T11:46:41 IST">
  <testcase classname="com.bellesboard.qa.testcases.LoginPageTest" name="LoginPageTitleTest" time="0.023"/>
  <testcase classname="com.bellesboard.qa.testcases.LoginPageTest" name="LoginTest" time="6.397"/>
</testsuite> <!-- TestCase_User_Login -->
