<?xml version="1.0" encoding="UTF-8"?>
<testng-results ignored="0" total="3" passed="1" failed="2" skipped="0">
  <reporter-output>
  </reporter-output>
  <suite started-at="2023-06-29T17:39:32 IST" name="Default suite" finished-at="2023-06-29T17:40:48 IST" duration-ms="75112">
    <groups>
      <group name="smokeclass">
        <method signature="ForgotPassPageTest.forgotPassPage()[pri:1, instance:com.bellesboard.qa.testcases.ForgotPassPageTest@54e1c68b]" name="forgotPassPage" class="com.bellesboard.qa.testcases.ForgotPassPageTest"/>
        <method signature="ForgotPassPageTest.CheckReseteMail()[pri:2, instance:com.bellesboard.qa.testcases.ForgotPassPageTest@54e1c68b]" name="CheckReseteMail" class="com.bellesboard.qa.testcases.ForgotPassPageTest"/>
        <method signature="ForgotPassPageTest.checkLoginWithNewPassword()[pri:3, instance:com.bellesboard.qa.testcases.ForgotPassPageTest@54e1c68b]" name="checkLoginWithNewPassword" class="com.bellesboard.qa.testcases.ForgotPassPageTest"/>
      </group> <!-- smokeclass -->
      <group name="smoke">
        <method signature="ForgotPassPageTest.forgotPassPage()[pri:1, instance:com.bellesboard.qa.testcases.ForgotPassPageTest@54e1c68b]" name="forgotPassPage" class="com.bellesboard.qa.testcases.ForgotPassPageTest"/>
        <method signature="ForgotPassPageTest.CheckReseteMail()[pri:2, instance:com.bellesboard.qa.testcases.ForgotPassPageTest@54e1c68b]" name="CheckReseteMail" class="com.bellesboard.qa.testcases.ForgotPassPageTest"/>
        <method signature="ForgotPassPageTest.checkLoginWithNewPassword()[pri:3, instance:com.bellesboard.qa.testcases.ForgotPassPageTest@54e1c68b]" name="checkLoginWithNewPassword" class="com.bellesboard.qa.testcases.ForgotPassPageTest"/>
      </group> <!-- smoke -->
    </groups>
    <test started-at="2023-06-29T17:39:32 IST" name="Default test" finished-at="2023-06-29T17:40:48 IST" duration-ms="75112">
      <class name="com.bellesboard.qa.testcases.ForgotPassPageTest">
        <test-method is-config="true" signature="setUp()[pri:0, instance:com.bellesboard.qa.testcases.ForgotPassPageTest@54e1c68b]" started-at="2023-06-29T17:39:33 IST" name="setUp" finished-at="2023-06-29T17:39:45 IST" duration-ms="12395" status="PASS">
          <reporter-output>
          </reporter-output>
        </test-method> <!-- setUp -->
        <test-method signature="forgotPassPage()[pri:1, instance:com.bellesboard.qa.testcases.ForgotPassPageTest@54e1c68b]" started-at="2023-06-29T17:39:45 IST" name="forgotPassPage" finished-at="2023-06-29T17:39:49 IST" duration-ms="4449" status="PASS">
          <reporter-output>
          </reporter-output>
        </test-method> <!-- forgotPassPage -->
        <test-method is-config="true" signature="closeBrowser()[pri:0, instance:com.bellesboard.qa.testcases.ForgotPassPageTest@54e1c68b]" started-at="2023-06-29T17:39:49 IST" name="closeBrowser" finished-at="2023-06-29T17:39:50 IST" duration-ms="814" status="PASS">
          <reporter-output>
          </reporter-output>
        </test-method> <!-- closeBrowser -->
        <test-method is-config="true" signature="setUp()[pri:0, instance:com.bellesboard.qa.testcases.ForgotPassPageTest@54e1c68b]" started-at="2023-06-29T17:39:50 IST" name="setUp" finished-at="2023-06-29T17:40:01 IST" duration-ms="10563" status="PASS">
          <reporter-output>
          </reporter-output>
        </test-method> <!-- setUp -->
        <test-method signature="CheckReseteMail()[pri:2, instance:com.bellesboard.qa.testcases.ForgotPassPageTest@54e1c68b]" started-at="2023-06-29T17:40:01 IST" name="CheckReseteMail" finished-at="2023-06-29T17:40:37 IST" duration-ms="35670" status="FAIL">
          <exception class="java.lang.NumberFormatException">
            <message>
              <![CDATA[For input string: ""]]>
            </message>
            <full-stacktrace>
              <![CDATA[java.lang.NumberFormatException: For input string: ""
at java.base/java.lang.NumberFormatException.forInputString(NumberFormatException.java:67)
at java.base/java.lang.Integer.parseInt(Integer.java:678)
at java.base/java.lang.Integer.parseInt(Integer.java:786)
at com.bellesboard.qa.testcases.ForgotPassPageTest.CheckReseteMail(ForgotPassPageTest.java:106)
at java.base/jdk.internal.reflect.NativeMethodAccessorImpl.invoke0(Native Method)
at java.base/jdk.internal.reflect.NativeMethodAccessorImpl.invoke(NativeMethodAccessorImpl.java:77)
at java.base/jdk.internal.reflect.DelegatingMethodAccessorImpl.invoke(DelegatingMethodAccessorImpl.java:43)
at java.base/java.lang.reflect.Method.invoke(Method.java:568)
at org.testng.internal.invokers.MethodInvocationHelper.invokeMethod(MethodInvocationHelper.java:139)
at org.testng.internal.invokers.TestInvoker.invokeMethod(TestInvoker.java:677)
at org.testng.internal.invokers.TestInvoker.invokeTestMethod(TestInvoker.java:221)
at org.testng.internal.invokers.MethodRunner.runInSequence(MethodRunner.java:50)
at org.testng.internal.invokers.TestInvoker$MethodInvocationAgent.invoke(TestInvoker.java:969)
at org.testng.internal.invokers.TestInvoker.invokeTestMethods(TestInvoker.java:194)
at org.testng.internal.invokers.TestMethodWorker.invokeTestMethods(TestMethodWorker.java:148)
at org.testng.internal.invokers.TestMethodWorker.run(TestMethodWorker.java:128)
at java.base/java.util.ArrayList.forEach(ArrayList.java:1511)
at org.testng.TestRunner.privateRun(TestRunner.java:829)
at org.testng.TestRunner.run(TestRunner.java:602)
at org.testng.SuiteRunner.runTest(SuiteRunner.java:437)
at org.testng.SuiteRunner.runSequentially(SuiteRunner.java:431)
at org.testng.SuiteRunner.privateRun(SuiteRunner.java:391)
at org.testng.SuiteRunner.run(SuiteRunner.java:330)
at org.testng.SuiteRunnerWorker.runSuite(SuiteRunnerWorker.java:52)
at org.testng.SuiteRunnerWorker.run(SuiteRunnerWorker.java:95)
at org.testng.TestNG.runSuitesSequentially(TestNG.java:1256)
at org.testng.TestNG.runSuitesLocally(TestNG.java:1176)
at org.testng.TestNG.runSuites(TestNG.java:1099)
at org.testng.TestNG.run(TestNG.java:1067)
at org.testng.remote.AbstractRemoteTestNG.run(AbstractRemoteTestNG.java:115)
at org.testng.remote.RemoteTestNG.initAndRun(RemoteTestNG.java:251)
at org.testng.remote.RemoteTestNG.main(RemoteTestNG.java:77)
]]>
            </full-stacktrace>
          </exception> <!-- java.lang.NumberFormatException -->
          <reporter-output>
          </reporter-output>
        </test-method> <!-- CheckReseteMail -->
        <test-method is-config="true" signature="closeBrowser()[pri:0, instance:com.bellesboard.qa.testcases.ForgotPassPageTest@54e1c68b]" started-at="2023-06-29T17:40:37 IST" name="closeBrowser" finished-at="2023-06-29T17:40:39 IST" duration-ms="2102" status="PASS">
          <reporter-output>
          </reporter-output>
        </test-method> <!-- closeBrowser -->
        <test-method is-config="true" signature="setUp()[pri:0, instance:com.bellesboard.qa.testcases.ForgotPassPageTest@54e1c68b]" started-at="2023-06-29T17:40:39 IST" name="setUp" finished-at="2023-06-29T17:40:46 IST" duration-ms="7213" status="PASS">
          <reporter-output>
          </reporter-output>
        </test-method> <!-- setUp -->
        <test-method signature="checkLoginWithNewPassword()[pri:3, instance:com.bellesboard.qa.testcases.ForgotPassPageTest@54e1c68b]" started-at="2023-06-29T17:40:46 IST" name="checkLoginWithNewPassword" finished-at="2023-06-29T17:40:47 IST" duration-ms="1078" status="FAIL">
          <exception class="java.lang.IllegalArgumentException">
            <message>
              <![CDATA[Keys to send should be a not null CharSequence]]>
            </message>
            <full-stacktrace>
              <![CDATA[java.lang.IllegalArgumentException: Keys to send should be a not null CharSequence
at org.openqa.selenium.remote.RemoteWebElement.sendKeys(RemoteWebElement.java:97)
at java.base/jdk.internal.reflect.NativeMethodAccessorImpl.invoke0(Native Method)
at java.base/jdk.internal.reflect.NativeMethodAccessorImpl.invoke(NativeMethodAccessorImpl.java:77)
at java.base/jdk.internal.reflect.DelegatingMethodAccessorImpl.invoke(DelegatingMethodAccessorImpl.java:43)
at java.base/java.lang.reflect.Method.invoke(Method.java:568)
at org.openqa.selenium.support.pagefactory.internal.LocatingElementHandler.invoke(LocatingElementHandler.java:51)
at jdk.proxy2/jdk.proxy2.$Proxy11.sendKeys(Unknown Source)
at com.bellesboard.qa.pages.LoginPage.login(LoginPage.java:34)
at com.bellesboard.qa.testcases.ForgotPassPageTest.checkLoginWithNewPassword(ForgotPassPageTest.java:176)
at java.base/jdk.internal.reflect.NativeMethodAccessorImpl.invoke0(Native Method)
at java.base/jdk.internal.reflect.NativeMethodAccessorImpl.invoke(NativeMethodAccessorImpl.java:77)
at java.base/jdk.internal.reflect.DelegatingMethodAccessorImpl.invoke(DelegatingMethodAccessorImpl.java:43)
at java.base/java.lang.reflect.Method.invoke(Method.java:568)
at org.testng.internal.invokers.MethodInvocationHelper.invokeMethod(MethodInvocationHelper.java:139)
at org.testng.internal.invokers.TestInvoker.invokeMethod(TestInvoker.java:677)
at org.testng.internal.invokers.TestInvoker.invokeTestMethod(TestInvoker.java:221)
at org.testng.internal.invokers.MethodRunner.runInSequence(MethodRunner.java:50)
at org.testng.internal.invokers.TestInvoker$MethodInvocationAgent.invoke(TestInvoker.java:969)
at org.testng.internal.invokers.TestInvoker.invokeTestMethods(TestInvoker.java:194)
at org.testng.internal.invokers.TestMethodWorker.invokeTestMethods(TestMethodWorker.java:148)
at org.testng.internal.invokers.TestMethodWorker.run(TestMethodWorker.java:128)
at java.base/java.util.ArrayList.forEach(ArrayList.java:1511)
at org.testng.TestRunner.privateRun(TestRunner.java:829)
at org.testng.TestRunner.run(TestRunner.java:602)
at org.testng.SuiteRunner.runTest(SuiteRunner.java:437)
at org.testng.SuiteRunner.runSequentially(SuiteRunner.java:431)
at org.testng.SuiteRunner.privateRun(SuiteRunner.java:391)
at org.testng.SuiteRunner.run(SuiteRunner.java:330)
at org.testng.SuiteRunnerWorker.runSuite(SuiteRunnerWorker.java:52)
at org.testng.SuiteRunnerWorker.run(SuiteRunnerWorker.java:95)
at org.testng.TestNG.runSuitesSequentially(TestNG.java:1256)
at org.testng.TestNG.runSuitesLocally(TestNG.java:1176)
at org.testng.TestNG.runSuites(TestNG.java:1099)
at org.testng.TestNG.run(TestNG.java:1067)
at org.testng.remote.AbstractRemoteTestNG.run(AbstractRemoteTestNG.java:115)
at org.testng.remote.RemoteTestNG.initAndRun(RemoteTestNG.java:251)
at org.testng.remote.RemoteTestNG.main(RemoteTestNG.java:77)
]]>
            </full-stacktrace>
          </exception> <!-- java.lang.IllegalArgumentException -->
          <reporter-output>
          </reporter-output>
        </test-method> <!-- checkLoginWithNewPassword -->
        <test-method is-config="true" signature="closeBrowser()[pri:0, instance:com.bellesboard.qa.testcases.ForgotPassPageTest@54e1c68b]" started-at="2023-06-29T17:40:47 IST" name="closeBrowser" finished-at="2023-06-29T17:40:48 IST" duration-ms="587" status="PASS">
          <reporter-output>
          </reporter-output>
        </test-method> <!-- closeBrowser -->
      </class> <!-- com.bellesboard.qa.testcases.ForgotPassPageTest -->
    </test> <!-- Default test -->
  </suite> <!-- Default suite -->
</testng-results>
