<?xml version="1.0" encoding="UTF-8"?>
<testng-results ignored="0" total="2" passed="1" failed="1" skipped="0">
  <reporter-output>
  </reporter-output>
  <suite started-at="2023-06-08T09:53:23 IST" name="Default suite" finished-at="2023-06-08T09:54:12 IST" duration-ms="49475">
    <groups>
      <group name="smokeclass">
        <method signature="ForgotPassPageTest.forgotPassPage()[pri:1, instance:com.bellesboard.qa.testcases.ForgotPassPageTest@3a44431a]" name="forgotPassPage" class="com.bellesboard.qa.testcases.ForgotPassPageTest"/>
        <method signature="ForgotPassPageTest.CheckReseteMail()[pri:2, instance:com.bellesboard.qa.testcases.ForgotPassPageTest@3a44431a]" name="CheckReseteMail" class="com.bellesboard.qa.testcases.ForgotPassPageTest"/>
      </group> <!-- smokeclass -->
      <group name="smoke">
        <method signature="ForgotPassPageTest.forgotPassPage()[pri:1, instance:com.bellesboard.qa.testcases.ForgotPassPageTest@3a44431a]" name="forgotPassPage" class="com.bellesboard.qa.testcases.ForgotPassPageTest"/>
        <method signature="ForgotPassPageTest.CheckReseteMail()[pri:2, instance:com.bellesboard.qa.testcases.ForgotPassPageTest@3a44431a]" name="CheckReseteMail" class="com.bellesboard.qa.testcases.ForgotPassPageTest"/>
      </group> <!-- smoke -->
    </groups>
    <test started-at="2023-06-08T09:53:23 IST" name="Default test" finished-at="2023-06-08T09:54:12 IST" duration-ms="49475">
      <class name="com.bellesboard.qa.testcases.ForgotPassPageTest">
        <test-method is-config="true" signature="setUp()[pri:0, instance:com.bellesboard.qa.testcases.ForgotPassPageTest@3a44431a]" started-at="2023-06-08T09:53:23 IST" name="setUp" finished-at="2023-06-08T09:53:32 IST" duration-ms="9220" status="PASS">
          <reporter-output>
          </reporter-output>
        </test-method> <!-- setUp -->
        <test-method signature="forgotPassPage()[pri:1, instance:com.bellesboard.qa.testcases.ForgotPassPageTest@3a44431a]" started-at="2023-06-08T09:53:32 IST" name="forgotPassPage" finished-at="2023-06-08T09:53:33 IST" duration-ms="733" status="PASS">
          <reporter-output>
          </reporter-output>
        </test-method> <!-- forgotPassPage -->
        <test-method is-config="true" signature="closeBrowser()[pri:0, instance:com.bellesboard.qa.testcases.ForgotPassPageTest@3a44431a]" started-at="2023-06-08T09:53:33 IST" name="closeBrowser" finished-at="2023-06-08T09:53:33 IST" duration-ms="407" status="PASS">
          <reporter-output>
          </reporter-output>
        </test-method> <!-- closeBrowser -->
        <test-method is-config="true" signature="setUp()[pri:0, instance:com.bellesboard.qa.testcases.ForgotPassPageTest@3a44431a]" started-at="2023-06-08T09:53:33 IST" name="setUp" finished-at="2023-06-08T09:53:39 IST" duration-ms="6124" status="PASS">
          <reporter-output>
          </reporter-output>
        </test-method> <!-- setUp -->
        <test-method signature="CheckReseteMail()[pri:2, instance:com.bellesboard.qa.testcases.ForgotPassPageTest@3a44431a]" started-at="2023-06-08T09:53:39 IST" name="CheckReseteMail" finished-at="2023-06-08T09:54:12 IST" duration-ms="32154" status="FAIL">
          <exception class="org.openqa.selenium.NoSuchElementException">
            <message>
              <![CDATA[no such element: Unable to locate element: {"method":"css selector","selector":"p:nth-child(5) > a"}
  (Session info: chrome=114.0.5735.110)
For documentation on this error, please visit: https://www.seleniumhq.org/exceptions/no_such_element.html
Build info: version: '3.141.59', revision: 'e82be7d358', time: '2018-11-14T08:17:03'
System info: host: 'OM-JAI-LAXMI-MA', ip: '192.168.1.7', os.name: 'Windows 10', os.arch: 'amd64', os.version: '10.0', java.version: '17.0.6'
Driver info: org.openqa.selenium.chrome.ChromeDriver
Capabilities {acceptInsecureCerts: false, browserName: chrome, browserVersion: 114.0.5735.110, chrome: {chromedriverVersion: 114.0.5735.90 (386bc09e8f4f..., userDataDir: C:\WINDOWS\SystemTemp\scope...}, goog:chromeOptions: {debuggerAddress: localhost:50239}, javascriptEnabled: true, networkConnectionEnabled: false, pageLoadStrategy: normal, platform: WINDOWS, platformName: WINDOWS, proxy: Proxy(), setWindowRect: true, strictFileInteractability: false, timeouts: {implicit: 0, pageLoad: 300000, script: 30000}, unhandledPromptBehavior: dismiss and notify, webauthn:extension:credBlob: true, webauthn:extension:largeBlob: true, webauthn:extension:minPinLength: true, webauthn:extension:prf: true, webauthn:virtualAuthenticators: true}
Session ID: c650caf858fa3373b59b007a389451e7
*** Element info: {Using=css selector, value=p:nth-child(5) > a}]]>
            </message>
            <full-stacktrace>
              <![CDATA[org.openqa.selenium.NoSuchElementException: no such element: Unable to locate element: {"method":"css selector","selector":"p:nth-child(5) > a"}
  (Session info: chrome=114.0.5735.110)
For documentation on this error, please visit: https://www.seleniumhq.org/exceptions/no_such_element.html
Build info: version: '3.141.59', revision: 'e82be7d358', time: '2018-11-14T08:17:03'
System info: host: 'OM-JAI-LAXMI-MA', ip: '192.168.1.7', os.name: 'Windows 10', os.arch: 'amd64', os.version: '10.0', java.version: '17.0.6'
Driver info: org.openqa.selenium.chrome.ChromeDriver
Capabilities {acceptInsecureCerts: false, browserName: chrome, browserVersion: 114.0.5735.110, chrome: {chromedriverVersion: 114.0.5735.90 (386bc09e8f4f..., userDataDir: C:\WINDOWS\SystemTemp\scope...}, goog:chromeOptions: {debuggerAddress: localhost:50239}, javascriptEnabled: true, networkConnectionEnabled: false, pageLoadStrategy: normal, platform: WINDOWS, platformName: WINDOWS, proxy: Proxy(), setWindowRect: true, strictFileInteractability: false, timeouts: {implicit: 0, pageLoad: 300000, script: 30000}, unhandledPromptBehavior: dismiss and notify, webauthn:extension:credBlob: true, webauthn:extension:largeBlob: true, webauthn:extension:minPinLength: true, webauthn:extension:prf: true, webauthn:virtualAuthenticators: true}
Session ID: c650caf858fa3373b59b007a389451e7
*** Element info: {Using=css selector, value=p:nth-child(5) > a}
at java.base/jdk.internal.reflect.NativeConstructorAccessorImpl.newInstance0(Native Method)
at java.base/jdk.internal.reflect.NativeConstructorAccessorImpl.newInstance(NativeConstructorAccessorImpl.java:77)
at java.base/jdk.internal.reflect.DelegatingConstructorAccessorImpl.newInstance(DelegatingConstructorAccessorImpl.java:45)
at java.base/java.lang.reflect.Constructor.newInstanceWithCaller(Constructor.java:499)
at java.base/java.lang.reflect.Constructor.newInstance(Constructor.java:480)
at org.openqa.selenium.remote.http.W3CHttpResponseCodec.createException(W3CHttpResponseCodec.java:187)
at org.openqa.selenium.remote.http.W3CHttpResponseCodec.decode(W3CHttpResponseCodec.java:122)
at org.openqa.selenium.remote.http.W3CHttpResponseCodec.decode(W3CHttpResponseCodec.java:49)
at org.openqa.selenium.remote.HttpCommandExecutor.execute(HttpCommandExecutor.java:158)
at org.openqa.selenium.remote.service.DriverCommandExecutor.execute(DriverCommandExecutor.java:83)
at org.openqa.selenium.remote.RemoteWebDriver.execute(RemoteWebDriver.java:552)
at org.openqa.selenium.remote.RemoteWebDriver.findElement(RemoteWebDriver.java:323)
at org.openqa.selenium.remote.RemoteWebDriver.findElementByCssSelector(RemoteWebDriver.java:420)
at org.openqa.selenium.By$ByCssSelector.findElement(By.java:431)
at org.openqa.selenium.remote.RemoteWebDriver.findElement(RemoteWebDriver.java:315)
at com.bellesboard.qa.testcases.ForgotPassPageTest.CheckReseteMail(ForgotPassPageTest.java:88)
at java.base/jdk.internal.reflect.NativeMethodAccessorImpl.invoke0(Native Method)
at java.base/jdk.internal.reflect.NativeMethodAccessorImpl.invoke(NativeMethodAccessorImpl.java:77)
at java.base/jdk.internal.reflect.DelegatingMethodAccessorImpl.invoke(DelegatingMethodAccessorImpl.java:43)
at java.base/java.lang.reflect.Method.invoke(Method.java:568)
at org.testng.internal.invokers.MethodInvocationHelper.invokeMethod(MethodInvocationHelper.java:139)
at org.testng.internal.invokers.TestInvoker.invokeMethod(TestInvoker.java:677)
at org.testng.internal.invokers.TestInvoker.invokeTestMethod(TestInvoker.java:221)
at org.testng.internal.invokers.MethodRunner.runInSequence(MethodRunner.java:50)
at org.testng.internal.invokers.TestInvoker$MethodInvocationAgent.invoke(TestInvoker.java:969)
at org.testng.internal.invokers.TestInvoker.invokeTestMethods(TestInvoker.java:194)
at org.testng.internal.invokers.TestMethodWorker.invokeTestMethods(TestMethodWorker.java:148)
at org.testng.internal.invokers.TestMethodWorker.run(TestMethodWorker.java:128)
at java.base/java.util.ArrayList.forEach(ArrayList.java:1511)
at org.testng.TestRunner.privateRun(TestRunner.java:829)
at org.testng.TestRunner.run(TestRunner.java:602)
at org.testng.SuiteRunner.runTest(SuiteRunner.java:437)
at org.testng.SuiteRunner.runSequentially(SuiteRunner.java:431)
at org.testng.SuiteRunner.privateRun(SuiteRunner.java:391)
at org.testng.SuiteRunner.run(SuiteRunner.java:330)
at org.testng.SuiteRunnerWorker.runSuite(SuiteRunnerWorker.java:52)
at org.testng.SuiteRunnerWorker.run(SuiteRunnerWorker.java:95)
at org.testng.TestNG.runSuitesSequentially(TestNG.java:1256)
at org.testng.TestNG.runSuitesLocally(TestNG.java:1176)
at org.testng.TestNG.runSuites(TestNG.java:1099)
at org.testng.TestNG.run(TestNG.java:1067)
at org.testng.remote.AbstractRemoteTestNG.run(AbstractRemoteTestNG.java:115)
at org.testng.remote.RemoteTestNG.initAndRun(RemoteTestNG.java:251)
at org.testng.remote.RemoteTestNG.main(RemoteTestNG.java:77)
]]>
            </full-stacktrace>
          </exception> <!-- org.openqa.selenium.NoSuchElementException -->
          <reporter-output>
          </reporter-output>
        </test-method> <!-- CheckReseteMail -->
        <test-method is-config="true" signature="closeBrowser()[pri:0, instance:com.bellesboard.qa.testcases.ForgotPassPageTest@3a44431a]" started-at="2023-06-08T09:54:12 IST" name="closeBrowser" finished-at="2023-06-08T09:54:12 IST" duration-ms="711" status="PASS">
          <reporter-output>
          </reporter-output>
        </test-method> <!-- closeBrowser -->
      </class> <!-- com.bellesboard.qa.testcases.ForgotPassPageTest -->
    </test> <!-- Default test -->
  </suite> <!-- Default suite -->
</testng-results>
