<?xml version="1.0" encoding="UTF-8"?>
<testng-results ignored="0" total="3" passed="3" failed="0" skipped="0">
  <reporter-output>
  </reporter-output>
  <suite started-at="2023-07-13T22:06:43 IST" name="Default suite" finished-at="2023-07-13T22:09:33 IST" duration-ms="169324">
    <groups>
    </groups>
    <test started-at="2023-07-13T22:06:43 IST" name="Default test" finished-at="2023-07-13T22:09:33 IST" duration-ms="169324">
      <class name="com.bellesboard.qa.testcases.CreateAdminUserTest">
        <test-method is-config="true" signature="setUp()[pri:0, instance:com.bellesboard.qa.testcases.CreateAdminUserTest@60099951]" started-at="2023-07-13T22:06:43 IST" name="setUp" finished-at="2023-07-13T22:07:29 IST" duration-ms="45475" status="PASS">
          <reporter-output>
          </reporter-output>
        </test-method> <!-- setUp -->
        <test-method signature="createUserPage()[pri:1, instance:com.bellesboard.qa.testcases.CreateAdminUserTest@60099951]" started-at="2023-07-13T22:07:29 IST" name="createUserPage" finished-at="2023-07-13T22:07:55 IST" duration-ms="26086" status="PASS">
          <reporter-output>
          </reporter-output>
        </test-method> <!-- createUserPage -->
        <test-method signature="CheckWelcomeMail()[pri:2, instance:com.bellesboard.qa.testcases.CreateAdminUserTest@60099951]" started-at="2023-07-13T22:07:55 IST" name="CheckWelcomeMail" finished-at="2023-07-13T22:08:25 IST" duration-ms="29623" status="PASS">
          <reporter-output>
          </reporter-output>
        </test-method> <!-- CheckWelcomeMail -->
        <test-method signature="loginWithNewPass()[pri:3, instance:com.bellesboard.qa.testcases.CreateAdminUserTest@60099951]" started-at="2023-07-13T22:08:25 IST" name="loginWithNewPass" finished-at="2023-07-13T22:09:32 IST" duration-ms="67272" status="PASS">
          <reporter-output>
          </reporter-output>
        </test-method> <!-- loginWithNewPass -->
        <test-method is-config="true" signature="closeBrowser()[pri:0, instance:com.bellesboard.qa.testcases.CreateAdminUserTest@60099951]" started-at="2023-07-13T22:09:32 IST" name="closeBrowser" finished-at="2023-07-13T22:09:33 IST" duration-ms="695" status="PASS">
          <reporter-output>
          </reporter-output>
        </test-method> <!-- closeBrowser -->
      </class> <!-- com.bellesboard.qa.testcases.CreateAdminUserTest -->
    </test> <!-- Default test -->
  </suite> <!-- Default suite -->
</testng-results>
