<?xml version="1.0" encoding="UTF-8"?>
<testng-results ignored="0" total="1" passed="1" failed="0" skipped="0">
  <reporter-output>
  </reporter-output>
  <suite started-at="2023-04-24T14:48:24 IST" name="Default suite" finished-at="2023-04-24T14:49:22 IST" duration-ms="57512">
    <groups>
    </groups>
    <test started-at="2023-04-24T14:48:24 IST" name="Default test" finished-at="2023-04-24T14:49:22 IST" duration-ms="57512">
      <class name="com.bellesboard.qa.testcases.UserProfileTest">
        <test-method is-config="true" signature="setUp()[pri:0, instance:com.bellesboard.qa.testcases.UserProfileTest@d9345cd]" started-at="2023-04-24T14:48:24 IST" name="setUp" finished-at="2023-04-24T14:49:02 IST" duration-ms="37390" status="PASS">
          <reporter-output>
          </reporter-output>
        </test-method> <!-- setUp -->
        <test-method signature="userProfilePage()[pri:0, instance:com.bellesboard.qa.testcases.UserProfileTest@d9345cd]" started-at="2023-04-24T14:49:02 IST" name="userProfilePage" finished-at="2023-04-24T14:49:19 IST" duration-ms="17455" status="PASS">
          <reporter-output>
          </reporter-output>
        </test-method> <!-- userProfilePage -->
        <test-method is-config="true" signature="afterTest()[pri:0, instance:com.bellesboard.qa.testcases.UserProfileTest@d9345cd]" started-at="2023-04-24T14:49:19 IST" name="afterTest" finished-at="2023-04-24T14:49:22 IST" duration-ms="2463" status="PASS">
          <reporter-output>
          </reporter-output>
        </test-method> <!-- afterTest -->
      </class> <!-- com.bellesboard.qa.testcases.UserProfileTest -->
    </test> <!-- Default test -->
  </suite> <!-- Default suite -->
</testng-results>
