<?xml version="1.0" encoding="UTF-8"?>
<testng-results ignored="0" total="3" passed="3" failed="0" skipped="0">
  <reporter-output>
  </reporter-output>
  <suite started-at="2023-06-20T21:48:02 IST" name="Default suite" finished-at="2023-06-20T21:49:21 IST" duration-ms="78494">
    <groups>
      <group name="smokeclass">
        <method signature="ForgotPassPageTest.forgotPassPage()[pri:1, instance:com.bellesboard.qa.testcases.ForgotPassPageTest@3c7f66c4]" name="forgotPassPage" class="com.bellesboard.qa.testcases.ForgotPassPageTest"/>
        <method signature="ForgotPassPageTest.CheckReseteMail()[pri:2, instance:com.bellesboard.qa.testcases.ForgotPassPageTest@3c7f66c4]" name="CheckReseteMail" class="com.bellesboard.qa.testcases.ForgotPassPageTest"/>
        <method signature="ForgotPassPageTest.checkLoginWithNewPassword()[pri:3, instance:com.bellesboard.qa.testcases.ForgotPassPageTest@3c7f66c4]" name="checkLoginWithNewPassword" class="com.bellesboard.qa.testcases.ForgotPassPageTest"/>
      </group> <!-- smokeclass -->
      <group name="smoke">
        <method signature="ForgotPassPageTest.forgotPassPage()[pri:1, instance:com.bellesboard.qa.testcases.ForgotPassPageTest@3c7f66c4]" name="forgotPassPage" class="com.bellesboard.qa.testcases.ForgotPassPageTest"/>
        <method signature="ForgotPassPageTest.CheckReseteMail()[pri:2, instance:com.bellesboard.qa.testcases.ForgotPassPageTest@3c7f66c4]" name="CheckReseteMail" class="com.bellesboard.qa.testcases.ForgotPassPageTest"/>
        <method signature="ForgotPassPageTest.checkLoginWithNewPassword()[pri:3, instance:com.bellesboard.qa.testcases.ForgotPassPageTest@3c7f66c4]" name="checkLoginWithNewPassword" class="com.bellesboard.qa.testcases.ForgotPassPageTest"/>
      </group> <!-- smoke -->
    </groups>
    <test started-at="2023-06-20T21:48:02 IST" name="Default test" finished-at="2023-06-20T21:49:21 IST" duration-ms="78494">
      <class name="com.bellesboard.qa.testcases.ForgotPassPageTest">
        <test-method is-config="true" signature="setUp()[pri:0, instance:com.bellesboard.qa.testcases.ForgotPassPageTest@3c7f66c4]" started-at="2023-06-20T21:48:02 IST" name="setUp" finished-at="2023-06-20T21:48:11 IST" duration-ms="9037" status="PASS">
          <reporter-output>
          </reporter-output>
        </test-method> <!-- setUp -->
        <test-method signature="forgotPassPage()[pri:1, instance:com.bellesboard.qa.testcases.ForgotPassPageTest@3c7f66c4]" started-at="2023-06-20T21:48:11 IST" name="forgotPassPage" finished-at="2023-06-20T21:48:12 IST" duration-ms="461" status="PASS">
          <reporter-output>
          </reporter-output>
        </test-method> <!-- forgotPassPage -->
        <test-method is-config="true" signature="closeBrowser()[pri:0, instance:com.bellesboard.qa.testcases.ForgotPassPageTest@3c7f66c4]" started-at="2023-06-20T21:48:12 IST" name="closeBrowser" finished-at="2023-06-20T21:48:13 IST" duration-ms="1409" status="PASS">
          <reporter-output>
          </reporter-output>
        </test-method> <!-- closeBrowser -->
        <test-method is-config="true" signature="setUp()[pri:0, instance:com.bellesboard.qa.testcases.ForgotPassPageTest@3c7f66c4]" started-at="2023-06-20T21:48:13 IST" name="setUp" finished-at="2023-06-20T21:48:22 IST" duration-ms="8901" status="PASS">
          <reporter-output>
          </reporter-output>
        </test-method> <!-- setUp -->
        <test-method signature="CheckReseteMail()[pri:2, instance:com.bellesboard.qa.testcases.ForgotPassPageTest@3c7f66c4]" started-at="2023-06-20T21:48:22 IST" name="CheckReseteMail" finished-at="2023-06-20T21:49:12 IST" duration-ms="49586" status="PASS">
          <reporter-output>
          </reporter-output>
        </test-method> <!-- CheckReseteMail -->
        <test-method is-config="true" signature="closeBrowser()[pri:0, instance:com.bellesboard.qa.testcases.ForgotPassPageTest@3c7f66c4]" started-at="2023-06-20T21:49:12 IST" name="closeBrowser" finished-at="2023-06-20T21:49:12 IST" duration-ms="479" status="PASS">
          <reporter-output>
          </reporter-output>
        </test-method> <!-- closeBrowser -->
        <test-method is-config="true" signature="setUp()[pri:0, instance:com.bellesboard.qa.testcases.ForgotPassPageTest@3c7f66c4]" started-at="2023-06-20T21:49:12 IST" name="setUp" finished-at="2023-06-20T21:49:19 IST" duration-ms="6300" status="PASS">
          <reporter-output>
          </reporter-output>
        </test-method> <!-- setUp -->
        <test-method signature="checkLoginWithNewPassword()[pri:3, instance:com.bellesboard.qa.testcases.ForgotPassPageTest@3c7f66c4]" started-at="2023-06-20T21:49:19 IST" name="checkLoginWithNewPassword" finished-at="2023-06-20T21:49:21 IST" duration-ms="1987" status="PASS">
          <reporter-output>
          </reporter-output>
        </test-method> <!-- checkLoginWithNewPassword -->
        <test-method is-config="true" signature="closeBrowser()[pri:0, instance:com.bellesboard.qa.testcases.ForgotPassPageTest@3c7f66c4]" started-at="2023-06-20T21:49:21 IST" name="closeBrowser" finished-at="2023-06-20T21:49:21 IST" duration-ms="263" status="PASS">
          <reporter-output>
          </reporter-output>
        </test-method> <!-- closeBrowser -->
      </class> <!-- com.bellesboard.qa.testcases.ForgotPassPageTest -->
    </test> <!-- Default test -->
  </suite> <!-- Default suite -->
</testng-results>
