<?xml version="1.0" encoding="UTF-8"?>
<testng-results ignored="0" total="1" passed="1" failed="0" skipped="0">
  <reporter-output>
  </reporter-output>
  <suite started-at="2023-05-18T14:27:29 IST" name="Default suite" finished-at="2023-05-18T14:27:47 IST" duration-ms="18635">
    <groups>
    </groups>
    <test started-at="2023-05-18T14:27:29 IST" name="Default test" finished-at="2023-05-18T14:27:47 IST" duration-ms="18635">
      <class name="com.bellesboard.qa.testcases.Admin_CreateNewUserTest">
        <test-method is-config="true" signature="setUp()[pri:0, instance:com.bellesboard.qa.testcases.Admin_CreateNewUserTest@3ee37e5a]" started-at="2023-05-18T14:27:29 IST" name="setUp" finished-at="2023-05-18T14:27:38 IST" duration-ms="8838" status="PASS">
          <reporter-output>
          </reporter-output>
        </test-method> <!-- setUp -->
        <test-method signature="createAdminUserPage()[pri:1, instance:com.bellesboard.qa.testcases.Admin_CreateNewUserTest@3ee37e5a]" started-at="2023-05-18T14:27:38 IST" name="createAdminUserPage" finished-at="2023-05-18T14:27:47 IST" duration-ms="9464" status="PASS">
          <reporter-output>
          </reporter-output>
        </test-method> <!-- createAdminUserPage -->
        <test-method is-config="true" signature="closeBrowser()[pri:0, instance:com.bellesboard.qa.testcases.Admin_CreateNewUserTest@3ee37e5a]" started-at="2023-05-18T14:27:47 IST" name="closeBrowser" finished-at="2023-05-18T14:27:47 IST" duration-ms="271" status="PASS">
          <reporter-output>
          </reporter-output>
        </test-method> <!-- closeBrowser -->
      </class> <!-- com.bellesboard.qa.testcases.Admin_CreateNewUserTest -->
    </test> <!-- Default test -->
  </suite> <!-- Default suite -->
</testng-results>
