<?xml version="1.0" encoding="UTF-8"?>
<testng-results ignored="0" total="3" passed="3" failed="0" skipped="0">
  <reporter-output>
  </reporter-output>
  <suite started-at="2023-06-20T21:44:28 IST" name="Default suite" finished-at="2023-06-20T21:45:23 IST" duration-ms="54957">
    <groups>
      <group name="smokeclass">
        <method signature="ForgotPassPageTest.forgotPassPage()[pri:1, instance:com.bellesboard.qa.testcases.ForgotPassPageTest@3c7f66c4]" name="forgotPassPage" class="com.bellesboard.qa.testcases.ForgotPassPageTest"/>
        <method signature="ForgotPassPageTest.CheckReseteMail()[pri:2, instance:com.bellesboard.qa.testcases.ForgotPassPageTest@3c7f66c4]" name="CheckReseteMail" class="com.bellesboard.qa.testcases.ForgotPassPageTest"/>
        <method signature="ForgotPassPageTest.checkLoginWithNewPassword()[pri:3, instance:com.bellesboard.qa.testcases.ForgotPassPageTest@3c7f66c4]" name="checkLoginWithNewPassword" class="com.bellesboard.qa.testcases.ForgotPassPageTest"/>
      </group> <!-- smokeclass -->
      <group name="smoke">
        <method signature="ForgotPassPageTest.forgotPassPage()[pri:1, instance:com.bellesboard.qa.testcases.ForgotPassPageTest@3c7f66c4]" name="forgotPassPage" class="com.bellesboard.qa.testcases.ForgotPassPageTest"/>
        <method signature="ForgotPassPageTest.CheckReseteMail()[pri:2, instance:com.bellesboard.qa.testcases.ForgotPassPageTest@3c7f66c4]" name="CheckReseteMail" class="com.bellesboard.qa.testcases.ForgotPassPageTest"/>
        <method signature="ForgotPassPageTest.checkLoginWithNewPassword()[pri:3, instance:com.bellesboard.qa.testcases.ForgotPassPageTest@3c7f66c4]" name="checkLoginWithNewPassword" class="com.bellesboard.qa.testcases.ForgotPassPageTest"/>
      </group> <!-- smoke -->
    </groups>
    <test started-at="2023-06-20T21:44:28 IST" name="Default test" finished-at="2023-06-20T21:45:23 IST" duration-ms="54957">
      <class name="com.bellesboard.qa.testcases.ForgotPassPageTest">
        <test-method is-config="true" signature="setUp()[pri:0, instance:com.bellesboard.qa.testcases.ForgotPassPageTest@3c7f66c4]" started-at="2023-06-20T21:44:28 IST" name="setUp" finished-at="2023-06-20T21:44:37 IST" duration-ms="8931" status="PASS">
          <reporter-output>
          </reporter-output>
        </test-method> <!-- setUp -->
        <test-method signature="forgotPassPage()[pri:1, instance:com.bellesboard.qa.testcases.ForgotPassPageTest@3c7f66c4]" started-at="2023-06-20T21:44:37 IST" name="forgotPassPage" finished-at="2023-06-20T21:44:37 IST" duration-ms="455" status="PASS">
          <reporter-output>
          </reporter-output>
        </test-method> <!-- forgotPassPage -->
        <test-method is-config="true" signature="closeBrowser()[pri:0, instance:com.bellesboard.qa.testcases.ForgotPassPageTest@3c7f66c4]" started-at="2023-06-20T21:44:37 IST" name="closeBrowser" finished-at="2023-06-20T21:44:38 IST" duration-ms="327" status="PASS">
          <reporter-output>
          </reporter-output>
        </test-method> <!-- closeBrowser -->
        <test-method is-config="true" signature="setUp()[pri:0, instance:com.bellesboard.qa.testcases.ForgotPassPageTest@3c7f66c4]" started-at="2023-06-20T21:44:38 IST" name="setUp" finished-at="2023-06-20T21:44:46 IST" duration-ms="8286" status="PASS">
          <reporter-output>
          </reporter-output>
        </test-method> <!-- setUp -->
        <test-method signature="CheckReseteMail()[pri:2, instance:com.bellesboard.qa.testcases.ForgotPassPageTest@3c7f66c4]" started-at="2023-06-20T21:44:46 IST" name="CheckReseteMail" finished-at="2023-06-20T21:45:08 IST" duration-ms="22122" status="PASS">
          <reporter-output>
          </reporter-output>
        </test-method> <!-- CheckReseteMail -->
        <test-method is-config="true" signature="closeBrowser()[pri:0, instance:com.bellesboard.qa.testcases.ForgotPassPageTest@3c7f66c4]" started-at="2023-06-20T21:45:08 IST" name="closeBrowser" finished-at="2023-06-20T21:45:10 IST" duration-ms="1319" status="PASS">
          <reporter-output>
          </reporter-output>
        </test-method> <!-- closeBrowser -->
        <test-method is-config="true" signature="setUp()[pri:0, instance:com.bellesboard.qa.testcases.ForgotPassPageTest@3c7f66c4]" started-at="2023-06-20T21:45:10 IST" name="setUp" finished-at="2023-06-20T21:45:21 IST" duration-ms="11682" status="PASS">
          <reporter-output>
          </reporter-output>
        </test-method> <!-- setUp -->
        <test-method signature="checkLoginWithNewPassword()[pri:3, instance:com.bellesboard.qa.testcases.ForgotPassPageTest@3c7f66c4]" started-at="2023-06-20T21:45:21 IST" name="checkLoginWithNewPassword" finished-at="2023-06-20T21:45:23 IST" duration-ms="1467" status="PASS">
          <reporter-output>
          </reporter-output>
        </test-method> <!-- checkLoginWithNewPassword -->
        <test-method is-config="true" signature="closeBrowser()[pri:0, instance:com.bellesboard.qa.testcases.ForgotPassPageTest@3c7f66c4]" started-at="2023-06-20T21:45:23 IST" name="closeBrowser" finished-at="2023-06-20T21:45:23 IST" duration-ms="295" status="PASS">
          <reporter-output>
          </reporter-output>
        </test-method> <!-- closeBrowser -->
      </class> <!-- com.bellesboard.qa.testcases.ForgotPassPageTest -->
    </test> <!-- Default test -->
  </suite> <!-- Default suite -->
</testng-results>
