<?xml version="1.0" encoding="UTF-8"?>
<testng-results ignored="0" total="2" passed="2" failed="0" skipped="0">
  <reporter-output>
  </reporter-output>
  <suite started-at="2023-06-01T22:49:40 IST" name="Default suite" finished-at="2023-06-01T22:50:47 IST" duration-ms="66552">
    <groups>
    </groups>
    <test started-at="2023-06-01T22:49:40 IST" name="Default test" finished-at="2023-06-01T22:50:47 IST" duration-ms="66552">
      <class name="com.bellesboard.qa.testcases.ForgotPassPageTest">
        <test-method is-config="true" signature="setUp()[pri:0, instance:com.bellesboard.qa.testcases.ForgotPassPageTest@2ea41516]" started-at="2023-06-01T22:49:41 IST" name="setUp" finished-at="2023-06-01T22:49:53 IST" duration-ms="12455" status="PASS">
          <reporter-output>
          </reporter-output>
        </test-method> <!-- setUp -->
        <test-method signature="forgotPassPage()[pri:1, instance:com.bellesboard.qa.testcases.ForgotPassPageTest@2ea41516]" started-at="2023-06-01T22:49:53 IST" name="forgotPassPage" finished-at="2023-06-01T22:49:55 IST" duration-ms="1757" status="PASS">
          <reporter-output>
          </reporter-output>
        </test-method> <!-- forgotPassPage -->
        <test-method is-config="true" signature="closeBrowser()[pri:0, instance:com.bellesboard.qa.testcases.ForgotPassPageTest@2ea41516]" started-at="2023-06-01T22:49:55 IST" name="closeBrowser" finished-at="2023-06-01T22:49:55 IST" duration-ms="561" status="PASS">
          <reporter-output>
          </reporter-output>
        </test-method> <!-- closeBrowser -->
        <test-method is-config="true" signature="setUp()[pri:0, instance:com.bellesboard.qa.testcases.ForgotPassPageTest@2ea41516]" started-at="2023-06-01T22:49:55 IST" name="setUp" finished-at="2023-06-01T22:50:03 IST" duration-ms="7297" status="PASS">
          <reporter-output>
          </reporter-output>
        </test-method> <!-- setUp -->
        <test-method signature="CheckWelcomeMail()[pri:2, instance:com.bellesboard.qa.testcases.ForgotPassPageTest@2ea41516]" started-at="2023-06-01T22:50:03 IST" name="CheckWelcomeMail" finished-at="2023-06-01T22:50:47 IST" duration-ms="44315" status="PASS">
          <reporter-output>
          </reporter-output>
        </test-method> <!-- CheckWelcomeMail -->
        <test-method is-config="true" signature="closeBrowser()[pri:0, instance:com.bellesboard.qa.testcases.ForgotPassPageTest@2ea41516]" started-at="2023-06-01T22:50:47 IST" name="closeBrowser" finished-at="2023-06-01T22:50:47 IST" duration-ms="1" status="PASS">
          <reporter-output>
          </reporter-output>
        </test-method> <!-- closeBrowser -->
      </class> <!-- com.bellesboard.qa.testcases.ForgotPassPageTest -->
    </test> <!-- Default test -->
  </suite> <!-- Default suite -->
</testng-results>
