<?xml version="1.0" encoding="UTF-8"?>
<testng-results ignored="0" total="3" passed="3" failed="0" skipped="0">
  <reporter-output>
  </reporter-output>
  <suite started-at="2023-06-08T12:54:43 IST" name="Default suite" finished-at="2023-06-08T12:55:34 IST" duration-ms="50571">
    <groups>
      <group name="smokeclass">
        <method signature="ForgotPassPageTest.forgotPassPage()[pri:1, instance:com.bellesboard.qa.testcases.ForgotPassPageTest@3c7f66c4]" name="forgotPassPage" class="com.bellesboard.qa.testcases.ForgotPassPageTest"/>
        <method signature="ForgotPassPageTest.CheckReseteMail()[pri:2, instance:com.bellesboard.qa.testcases.ForgotPassPageTest@3c7f66c4]" name="CheckReseteMail" class="com.bellesboard.qa.testcases.ForgotPassPageTest"/>
        <method signature="ForgotPassPageTest.checkLoginWithNewPassword()[pri:3, instance:com.bellesboard.qa.testcases.ForgotPassPageTest@3c7f66c4]" name="checkLoginWithNewPassword" class="com.bellesboard.qa.testcases.ForgotPassPageTest"/>
      </group> <!-- smokeclass -->
      <group name="smoke">
        <method signature="ForgotPassPageTest.forgotPassPage()[pri:1, instance:com.bellesboard.qa.testcases.ForgotPassPageTest@3c7f66c4]" name="forgotPassPage" class="com.bellesboard.qa.testcases.ForgotPassPageTest"/>
        <method signature="ForgotPassPageTest.CheckReseteMail()[pri:2, instance:com.bellesboard.qa.testcases.ForgotPassPageTest@3c7f66c4]" name="CheckReseteMail" class="com.bellesboard.qa.testcases.ForgotPassPageTest"/>
        <method signature="ForgotPassPageTest.checkLoginWithNewPassword()[pri:3, instance:com.bellesboard.qa.testcases.ForgotPassPageTest@3c7f66c4]" name="checkLoginWithNewPassword" class="com.bellesboard.qa.testcases.ForgotPassPageTest"/>
      </group> <!-- smoke -->
    </groups>
    <test started-at="2023-06-08T12:54:43 IST" name="Default test" finished-at="2023-06-08T12:55:34 IST" duration-ms="50571">
      <class name="com.bellesboard.qa.testcases.ForgotPassPageTest">
        <test-method is-config="true" signature="setUp()[pri:0, instance:com.bellesboard.qa.testcases.ForgotPassPageTest@3c7f66c4]" started-at="2023-06-08T12:54:43 IST" name="setUp" finished-at="2023-06-08T12:54:51 IST" duration-ms="7506" status="PASS">
          <reporter-output>
          </reporter-output>
        </test-method> <!-- setUp -->
        <test-method signature="forgotPassPage()[pri:1, instance:com.bellesboard.qa.testcases.ForgotPassPageTest@3c7f66c4]" started-at="2023-06-08T12:54:51 IST" name="forgotPassPage" finished-at="2023-06-08T12:54:51 IST" duration-ms="512" status="PASS">
          <reporter-output>
          </reporter-output>
        </test-method> <!-- forgotPassPage -->
        <test-method is-config="true" signature="closeBrowser()[pri:0, instance:com.bellesboard.qa.testcases.ForgotPassPageTest@3c7f66c4]" started-at="2023-06-08T12:54:51 IST" name="closeBrowser" finished-at="2023-06-08T12:54:51 IST" duration-ms="148" status="PASS">
          <reporter-output>
          </reporter-output>
        </test-method> <!-- closeBrowser -->
        <test-method is-config="true" signature="setUp()[pri:0, instance:com.bellesboard.qa.testcases.ForgotPassPageTest@3c7f66c4]" started-at="2023-06-08T12:54:51 IST" name="setUp" finished-at="2023-06-08T12:54:58 IST" duration-ms="6789" status="PASS">
          <reporter-output>
          </reporter-output>
        </test-method> <!-- setUp -->
        <test-method signature="CheckReseteMail()[pri:2, instance:com.bellesboard.qa.testcases.ForgotPassPageTest@3c7f66c4]" started-at="2023-06-08T12:54:58 IST" name="CheckReseteMail" finished-at="2023-06-08T12:55:22 IST" duration-ms="23325" status="PASS">
          <reporter-output>
          </reporter-output>
        </test-method> <!-- CheckReseteMail -->
        <test-method is-config="true" signature="closeBrowser()[pri:0, instance:com.bellesboard.qa.testcases.ForgotPassPageTest@3c7f66c4]" started-at="2023-06-08T12:55:22 IST" name="closeBrowser" finished-at="2023-06-08T12:55:22 IST" duration-ms="723" status="PASS">
          <reporter-output>
          </reporter-output>
        </test-method> <!-- closeBrowser -->
        <test-method is-config="true" signature="setUp()[pri:0, instance:com.bellesboard.qa.testcases.ForgotPassPageTest@3c7f66c4]" started-at="2023-06-08T12:55:22 IST" name="setUp" finished-at="2023-06-08T12:55:32 IST" duration-ms="9662" status="PASS">
          <reporter-output>
          </reporter-output>
        </test-method> <!-- setUp -->
        <test-method signature="checkLoginWithNewPassword()[pri:3, instance:com.bellesboard.qa.testcases.ForgotPassPageTest@3c7f66c4]" started-at="2023-06-08T12:55:32 IST" name="checkLoginWithNewPassword" finished-at="2023-06-08T12:55:34 IST" duration-ms="1633" status="PASS">
          <reporter-output>
          </reporter-output>
        </test-method> <!-- checkLoginWithNewPassword -->
        <test-method is-config="true" signature="closeBrowser()[pri:0, instance:com.bellesboard.qa.testcases.ForgotPassPageTest@3c7f66c4]" started-at="2023-06-08T12:55:34 IST" name="closeBrowser" finished-at="2023-06-08T12:55:34 IST" duration-ms="203" status="PASS">
          <reporter-output>
          </reporter-output>
        </test-method> <!-- closeBrowser -->
      </class> <!-- com.bellesboard.qa.testcases.ForgotPassPageTest -->
    </test> <!-- Default test -->
  </suite> <!-- Default suite -->
</testng-results>
